

Microchip Technology PIC18 LITE Macro Assembler V1.45 build -152302408 
                                                                                               Tue May 13 17:47:55 2025

Microchip Technology Omniscient Code Generator v1.45 (Free mode) build 201711160504
     1                           	processor	18F47Q10
     2                           	fnconf	rparam,??,?,0
     3                           	opt	pw 120
     4                           	opt	lm
     5                           	psect	cinit,global,reloc=2,class=CODE,delta=1
     6                           	psect	cstackCOMRAM,global,class=COMRAM,space=1,delta=1,noexec
     7                           	psect	text0,global,reloc=2,class=CODE,delta=1
     8                           	psect	text1,global,reloc=2,class=CODE,delta=1
     9                           	psect	text2,global,reloc=2,class=CODE,delta=1
    10                           	psect	text3,global,reloc=2,class=CODE,delta=1
    11                           	psect	text4,global,reloc=2,class=CODE,delta=1
    12                           	psect	intsave_regs,global,class=BIGRAM,space=1,delta=1,noexec
    13                           	psect	rparam,global,class=COMRAM,space=1,delta=1,noexec
    14  0000                     
    15                           ; Version 1.45
    16                           ; Generated 16/11/2017 GMT
    17                           ; 
    18                           ; Copyright © 2017, Microchip Technology Inc. and its subsidiaries ("Microchip")
    19                           ; All rights reserved.
    20                           ; 
    21                           ; This software is developed by Microchip Technology Inc. and its subsidiaries ("Microch
      +                          ip").
    22                           ; 
    23                           ; Redistribution and use in source and binary forms, with or without modification, are
    24                           ; permitted provided that the following conditions are met:
    25                           ; 
    26                           ;     1. Redistributions of source code must retain the above copyright notice, this lis
      +                          t of
    27                           ;        conditions and the following disclaimer.
    28                           ; 
    29                           ;     2. Redistributions in binary form must reproduce the above copyright notice, this 
      +                          list
    30                           ;        of conditions and the following disclaimer in the documentation and/or other
    31                           ;        materials provided with the distribution.
    32                           ; 
    33                           ;     3. Microchip's name may not be used to endorse or promote products derived from th
      +                          is
    34                           ;        software without specific prior written permission.
    35                           ; 
    36                           ; THIS SOFTWARE IS PROVIDED BY MICROCHIP "AS IS" AND ANY EXPRESS OR IMPLIED WARRANTIES,
    37                           ; INCLUDING, BUT NOT LIMITED TO, THE IMPLIED WARRANTIES OF MERCHANTABILITY AND FITNESS F
      +                          OR
    38                           ; PURPOSE ARE DISCLAIMED.  IN NO EVENT SHALL MICROCHIP BE LIABLE FOR ANY DIRECT, INDIREC
      +                          T,
    39                           ; INCIDENTAL, SPECIAL, EXEMPLARY, OR CONSEQUENTIAL DAMAGES (INCLUDING BUT NOT LIMITED TO
    40                           ; PROCUREMENT OF SUBSTITUTE GOODS OR SERVICES; LOSS OF USE, DATA OR PROFITS; OR BUSINESS
    41                           ; INTERRUPTION) HOWSOEVER CAUSED AND ON ANY THEORY OF LIABILITY, WHETHER IN CONTRACT, ST
      +                          RICT
    42                           ; LIABILITY, OR TORT (INCLUDING NEGLIGENCE OR OTHERWISE) ARISING IN ANY WAY OUT OF THE U
      +                          SE OF
    43                           ; THIS SOFTWARE, EVEN IF ADVISED OF THE POSSIBILITY OF SUCH DAMAGE.
    44                           ; 
    45                           ; 
    46                           ; Code-generator required, PIC18F47Q10 Definitions
    47                           ; 
    48                           ; SFR Addresses
    49  0000                     _PMD5	set	3809
    50  0000                     _PMD4	set	3808
    51  0000                     _PMD3	set	3807
    52  0000                     _PMD2	set	3806
    53  0000                     _PMD1	set	3805
    54  0000                     _PMD0	set	3804
    55  0000                     _OSCTUNE	set	3800
    56  0000                     _OSCFRQ	set	3801
    57  0000                     _OSCEN	set	3799
    58  0000                     _OSCCON3	set	3797
    59  0000                     _OSCCON1	set	3795
    60  0000                     _SLRCONE	set	3878
    61  0000                     _SLRCOND	set	3870
    62  0000                     _SLRCONC	set	3865
    63  0000                     _SLRCONB	set	3857
    64  0000                     _SLRCONA	set	3849
    65  0000                     _ODCOND	set	3871
    66  0000                     _ODCONC	set	3866
    67  0000                     _ODCONB	set	3858
    68  0000                     _ODCONA	set	3850
    69  0000                     _ODCONE	set	3879
    70  0000                     _WPUC	set	3867
    71  0000                     _WPUA	set	3851
    72  0000                     _WPUB	set	3859
    73  0000                     _WPUE	set	3880
    74  0000                     _WPUD	set	3872
    75  0000                     _ANSELA	set	3852
    76  0000                     _ANSELE	set	3881
    77  0000                     _ANSELB	set	3860
    78  0000                     _ANSELC	set	3868
    79  0000                     _ANSELD	set	3873
    80  0000                     _TRISD	set	3978
    81  0000                     _TRISC	set	3977
    82  0000                     _TRISB	set	3976
    83  0000                     _TRISA	set	3975
    84  0000                     _TRISE	set	3979
    85  0000                     _LATC	set	3972
    86  0000                     _LATB	set	3971
    87  0000                     _LATA	set	3970
    88  0000                     _LATD	set	3973
    89  0000                     _LATE	set	3974
    90  0000                     _RC3	set	31859
    91  0000                     _RC4	set	31860
    92  0000                     _RC0	set	31856
    93  0000                     _RA7	set	31847
    94                           
    95                           ; #config settings
    96  0000                     
    97                           	psect	cinit
    98  01FF14                     __pcinit:
    99                           	opt stack 0
   100  01FF14                     start_initialization:
   101                           	opt stack 0
   102  01FF14                     __initialization:
   103                           	opt stack 0
   104  01FF14                     end_of_initialization:
   105                           	opt stack 0
   106  01FF14                     __end_of__initialization:
   107                           	opt stack 0
   108  01FF14  0100               	movlb	0
   109  01FF16  EFAE  F0FF         	goto	_main	;jump to C main() function
   110                           
   111                           	psect	cstackCOMRAM
   112  000001                     __pcstackCOMRAM:
   113                           	opt stack 0
   114  000001                     ??_main:
   115                           
   116                           ; 1 bytes @ 0x0
   117  000001                     	ds	2
   118                           
   119 ;;
   120 ;;Main: autosize = 0, tempsize = 2, incstack = 0, save=0
   121 ;;
   122 ;; *************** function _main *****************
   123 ;; Defined at:
   124 ;;		line 49 in file "main.c"
   125 ;; Parameters:    Size  Location     Type
   126 ;;		None
   127 ;; Auto vars:     Size  Location     Type
   128 ;;		None
   129 ;; Return value:  Size  Location     Type
   130 ;;                  1    wreg      void 
   131 ;; Registers used:
   132 ;;		wreg, status,2, cstack
   133 ;; Tracked objects:
   134 ;;		On entry : 0/0
   135 ;;		On exit  : 0/0
   136 ;;		Unchanged: 0/0
   137 ;; Data sizes:     COMRAM   BANK0   BANK1   BANK2   BANK3   BANK4   BANK5   BANK6   BANK7   BANK8   BANK9  BANK10  BANK1
      +1  BANK12  BANK14
   138 ;;      Params:         0       0       0       0       0       0       0       0       0       0       0       0       
      +0       0       0
   139 ;;      Locals:         0       0       0       0       0       0       0       0       0       0       0       0       
      +0       0       0
   140 ;;      Temps:          2       0       0       0       0       0       0       0       0       0       0       0       
      +0       0       0
   141 ;;      Totals:         2       0       0       0       0       0       0       0       0       0       0       0       
      +0       0       0
   142 ;;Total ram usage:        2 bytes
   143 ;; Hardware stack levels required when called:    2
   144 ;; This function calls:
   145 ;;		_SYSTEM_Initialize
   146 ;; This function is called by:
   147 ;;		Startup code after reset
   148 ;; This function uses a non-reentrant model
   149 ;;
   150                           
   151                           	psect	text0
   152  01FF5C                     __ptext0:
   153                           	opt stack 0
   154  01FF5C                     _main:
   155                           	opt stack 29
   156                           
   157                           ;main.c: 52: SYSTEM_Initialize();
   158                           
   159                           ;incstack = 0
   160  01FF5C  EC8D  F0FF         	call	_SYSTEM_Initialize	;wreg free
   161  01FF60                     
   162                           ;main.c: 71: {
   163                           ;main.c: 72: RA7 = 1;
   164  01FF60  8E8C               	bsf	3980,7,c	;volatile
   165                           
   166                           ;main.c: 73: _delay((unsigned long)((500)*(8000000/4000.0)));
   167  01FF62  0E06               	movlw	6
   168  01FF64  6E02               	movwf	(??_main+1)& (0+255),c
   169  01FF66  0E13               	movlw	19
   170  01FF68  6E01               	movwf	??_main& (0+255),c
   171  01FF6A  0EAE               	movlw	174
   172  01FF6C                     u17:
   173  01FF6C  2EE8               	decfsz	wreg,f,c
   174  01FF6E  D7FE               	bra	u17
   175  01FF70  2E01               	decfsz	??_main& (0+255),f,c
   176  01FF72  D7FC               	bra	u17
   177  01FF74  2E02               	decfsz	(??_main+1)& (0+255),f,c
   178  01FF76  D7FA               	bra	u17
   179                           
   180                           ;main.c: 74: RA7 = 0;
   181  01FF78  9E8C               	bcf	3980,7,c	;volatile
   182                           
   183                           ;main.c: 75: _delay((unsigned long)((500)*(8000000/4000.0)));
   184  01FF7A  0E06               	movlw	6
   185  01FF7C  6E02               	movwf	(??_main+1)& (0+255),c
   186  01FF7E  0E13               	movlw	19
   187  01FF80  6E01               	movwf	??_main& (0+255),c
   188  01FF82  0EAE               	movlw	174
   189  01FF84                     u27:
   190  01FF84  2EE8               	decfsz	wreg,f,c
   191  01FF86  D7FE               	bra	u27
   192  01FF88  2E01               	decfsz	??_main& (0+255),f,c
   193  01FF8A  D7FC               	bra	u27
   194  01FF8C  2E02               	decfsz	(??_main+1)& (0+255),f,c
   195  01FF8E  D7FA               	bra	u27
   196                           
   197                           ;main.c: 77: RC0 = 1;
   198  01FF90  808E               	bsf	3982,0,c	;volatile
   199                           
   200                           ;main.c: 78: RC4 = 0x09;
   201  01FF92  888E               	bsf	3982,4,c	;volatile
   202                           
   203                           ;main.c: 79: RC3 = 0x0A;
   204  01FF94  968E               	bcf	3982,3,c	;volatile
   205  01FF96  D7E4               	goto	l120
   206  01FF98                     __end_of_main:
   207                           	opt stack 0
   208                           wreg	equ	0xFE8
   209                           
   210 ;; *************** function _SYSTEM_Initialize *****************
   211 ;; Defined at:
   212 ;;		line 50 in file "mcc_generated_files/mcc.c"
   213 ;; Parameters:    Size  Location     Type
   214 ;;		None
   215 ;; Auto vars:     Size  Location     Type
   216 ;;		None
   217 ;; Return value:  Size  Location     Type
   218 ;;                  1    wreg      void 
   219 ;; Registers used:
   220 ;;		wreg, status,2, cstack
   221 ;; Tracked objects:
   222 ;;		On entry : 0/0
   223 ;;		On exit  : 0/0
   224 ;;		Unchanged: 0/0
   225 ;; Data sizes:     COMRAM   BANK0   BANK1   BANK2   BANK3   BANK4   BANK5   BANK6   BANK7   BANK8   BANK9  BANK10  BANK1
      +1  BANK12  BANK14
   226 ;;      Params:         0       0       0       0       0       0       0       0       0       0       0       0       
      +0       0       0
   227 ;;      Locals:         0       0       0       0       0       0       0       0       0       0       0       0       
      +0       0       0
   228 ;;      Temps:          0       0       0       0       0       0       0       0       0       0       0       0       
      +0       0       0
   229 ;;      Totals:         0       0       0       0       0       0       0       0       0       0       0       0       
      +0       0       0
   230 ;;Total ram usage:        0 bytes
   231 ;; Hardware stack levels used:    1
   232 ;; Hardware stack levels required when called:    1
   233 ;; This function calls:
   234 ;;		_OSCILLATOR_Initialize
   235 ;;		_PIN_MANAGER_Initialize
   236 ;;		_PMD_Initialize
   237 ;; This function is called by:
   238 ;;		_main
   239 ;; This function uses a non-reentrant model
   240 ;;
   241                           
   242                           	psect	text1
   243  01FF1A                     __ptext1:
   244                           	opt stack 0
   245  01FF1A                     _SYSTEM_Initialize:
   246                           	opt stack 29
   247                           
   248                           ;mcc.c: 52: PMD_Initialize();
   249                           
   250                           ;incstack = 0
   251  01FF1A  ECA0  F0FF         	call	_PMD_Initialize	;wreg free
   252                           
   253                           ;mcc.c: 53: PIN_MANAGER_Initialize();
   254  01FF1E  ECCC  F0FF         	call	_PIN_MANAGER_Initialize	;wreg free
   255                           
   256                           ;mcc.c: 54: OSCILLATOR_Initialize();
   257  01FF22  EC94  F0FF         	call	_OSCILLATOR_Initialize	;wreg free
   258  01FF26  0012               	return		;funcret
   259  01FF28                     __end_of_SYSTEM_Initialize:
   260                           	opt stack 0
   261                           wreg	equ	0xFE8
   262                           
   263 ;; *************** function _PMD_Initialize *****************
   264 ;; Defined at:
   265 ;;		line 71 in file "mcc_generated_files/mcc.c"
   266 ;; Parameters:    Size  Location     Type
   267 ;;		None
   268 ;; Auto vars:     Size  Location     Type
   269 ;;		None
   270 ;; Return value:  Size  Location     Type
   271 ;;                  1    wreg      void 
   272 ;; Registers used:
   273 ;;		wreg, status,2
   274 ;; Tracked objects:
   275 ;;		On entry : 0/0
   276 ;;		On exit  : 0/0
   277 ;;		Unchanged: 0/0
   278 ;; Data sizes:     COMRAM   BANK0   BANK1   BANK2   BANK3   BANK4   BANK5   BANK6   BANK7   BANK8   BANK9  BANK10  BANK1
      +1  BANK12  BANK14
   279 ;;      Params:         0       0       0       0       0       0       0       0       0       0       0       0       
      +0       0       0
   280 ;;      Locals:         0       0       0       0       0       0       0       0       0       0       0       0       
      +0       0       0
   281 ;;      Temps:          0       0       0       0       0       0       0       0       0       0       0       0       
      +0       0       0
   282 ;;      Totals:         0       0       0       0       0       0       0       0       0       0       0       0       
      +0       0       0
   283 ;;Total ram usage:        0 bytes
   284 ;; Hardware stack levels used:    1
   285 ;; This function calls:
   286 ;;		Nothing
   287 ;; This function is called by:
   288 ;;		_SYSTEM_Initialize
   289 ;; This function uses a non-reentrant model
   290 ;;
   291                           
   292                           	psect	text2
   293  01FF40                     __ptext2:
   294                           	opt stack 0
   295  01FF40                     _PMD_Initialize:
   296                           	opt stack 29
   297                           
   298                           ;mcc.c: 74: PMD0 = 0x00;
   299                           
   300                           ;incstack = 0
   301  01FF40  0E00               	movlw	0
   302  01FF42  010E               	movlb	14	; () banked
   303  01FF44  6FDC               	movwf	220,b	;volatile
   304                           
   305                           ;mcc.c: 76: PMD1 = 0x00;
   306  01FF46  0E00               	movlw	0
   307  01FF48  6FDD               	movwf	221,b	;volatile
   308                           
   309                           ;mcc.c: 78: PMD2 = 0x00;
   310  01FF4A  0E00               	movlw	0
   311  01FF4C  6FDE               	movwf	222,b	;volatile
   312                           
   313                           ;mcc.c: 80: PMD3 = 0x00;
   314  01FF4E  0E00               	movlw	0
   315  01FF50  6FDF               	movwf	223,b	;volatile
   316                           
   317                           ;mcc.c: 82: PMD4 = 0x00;
   318  01FF52  0E00               	movlw	0
   319  01FF54  6FE0               	movwf	224,b	;volatile
   320                           
   321                           ;mcc.c: 84: PMD5 = 0x00;
   322  01FF56  0E00               	movlw	0
   323  01FF58  6FE1               	movwf	225,b	;volatile
   324                           
   325                           ; BSR set to: 14
   326  01FF5A  0012               	return		;funcret
   327  01FF5C                     __end_of_PMD_Initialize:
   328                           	opt stack 0
   329                           wreg	equ	0xFE8
   330                           
   331 ;; *************** function _PIN_MANAGER_Initialize *****************
   332 ;; Defined at:
   333 ;;		line 57 in file "mcc_generated_files/pin_manager.c"
   334 ;; Parameters:    Size  Location     Type
   335 ;;		None
   336 ;; Auto vars:     Size  Location     Type
   337 ;;		None
   338 ;; Return value:  Size  Location     Type
   339 ;;                  1    wreg      void 
   340 ;; Registers used:
   341 ;;		wreg, status,2
   342 ;; Tracked objects:
   343 ;;		On entry : 0/0
   344 ;;		On exit  : 0/0
   345 ;;		Unchanged: 0/0
   346 ;; Data sizes:     COMRAM   BANK0   BANK1   BANK2   BANK3   BANK4   BANK5   BANK6   BANK7   BANK8   BANK9  BANK10  BANK1
      +1  BANK12  BANK14
   347 ;;      Params:         0       0       0       0       0       0       0       0       0       0       0       0       
      +0       0       0
   348 ;;      Locals:         0       0       0       0       0       0       0       0       0       0       0       0       
      +0       0       0
   349 ;;      Temps:          0       0       0       0       0       0       0       0       0       0       0       0       
      +0       0       0
   350 ;;      Totals:         0       0       0       0       0       0       0       0       0       0       0       0       
      +0       0       0
   351 ;;Total ram usage:        0 bytes
   352 ;; Hardware stack levels used:    1
   353 ;; This function calls:
   354 ;;		Nothing
   355 ;; This function is called by:
   356 ;;		_SYSTEM_Initialize
   357 ;; This function uses a non-reentrant model
   358 ;;
   359                           
   360                           	psect	text3
   361  01FF98                     __ptext3:
   362                           	opt stack 0
   363  01FF98                     _PIN_MANAGER_Initialize:
   364                           	opt stack 29
   365                           
   366                           ;pin_manager.c: 62: LATE = 0x00;
   367                           
   368                           ; BSR set to: 14
   369                           ;incstack = 0
   370  01FF98  0E00               	movlw	0
   371  01FF9A  6E86               	movwf	3974,c	;volatile
   372                           
   373                           ;pin_manager.c: 63: LATD = 0x00;
   374  01FF9C  0E00               	movlw	0
   375  01FF9E  6E85               	movwf	3973,c	;volatile
   376                           
   377                           ;pin_manager.c: 64: LATA = 0x00;
   378  01FFA0  0E00               	movlw	0
   379  01FFA2  6E82               	movwf	3970,c	;volatile
   380                           
   381                           ;pin_manager.c: 65: LATB = 0x00;
   382  01FFA4  0E00               	movlw	0
   383  01FFA6  6E83               	movwf	3971,c	;volatile
   384                           
   385                           ;pin_manager.c: 66: LATC = 0x00;
   386  01FFA8  0E00               	movlw	0
   387  01FFAA  6E84               	movwf	3972,c	;volatile
   388                           
   389                           ;pin_manager.c: 71: TRISE = 0x07;
   390  01FFAC  0E07               	movlw	7
   391  01FFAE  6E8B               	movwf	3979,c	;volatile
   392                           
   393                           ;pin_manager.c: 72: TRISA = 0x7F;
   394  01FFB0  0E7F               	movlw	127
   395  01FFB2  6E87               	movwf	3975,c	;volatile
   396                           
   397                           ;pin_manager.c: 73: TRISB = 0xFF;
   398  01FFB4  6888               	setf	3976,c	;volatile
   399                           
   400                           ;pin_manager.c: 74: TRISC = 0xE6;
   401  01FFB6  0EE6               	movlw	230
   402  01FFB8  6E89               	movwf	3977,c	;volatile
   403                           
   404                           ;pin_manager.c: 75: TRISD = 0xFF;
   405  01FFBA  688A               	setf	3978,c	;volatile
   406                           
   407                           ;pin_manager.c: 80: ANSELD = 0xFF;
   408  01FFBC  010F               	movlb	15	; () banked
   409  01FFBE  6921               	setf	33,b	;volatile
   410                           
   411                           ; BSR set to: 15
   412                           ;pin_manager.c: 81: ANSELC = 0xFF;
   413  01FFC0  691C               	setf	28,b	;volatile
   414                           
   415                           ; BSR set to: 15
   416                           ;pin_manager.c: 82: ANSELB = 0xFF;
   417  01FFC2  6914               	setf	20,b	;volatile
   418                           
   419                           ;pin_manager.c: 83: ANSELE = 0x07;
   420  01FFC4  0E07               	movlw	7
   421  01FFC6  6F29               	movwf	41,b	;volatile
   422                           
   423                           ; BSR set to: 15
   424                           ;pin_manager.c: 84: ANSELA = 0xFF;
   425  01FFC8  690C               	setf	12,b	;volatile
   426                           
   427                           ;pin_manager.c: 89: WPUD = 0x00;
   428  01FFCA  0E00               	movlw	0
   429  01FFCC  6F20               	movwf	32,b	;volatile
   430                           
   431                           ;pin_manager.c: 90: WPUE = 0x00;
   432  01FFCE  0E00               	movlw	0
   433  01FFD0  6F28               	movwf	40,b	;volatile
   434                           
   435                           ;pin_manager.c: 91: WPUB = 0x00;
   436  01FFD2  0E00               	movlw	0
   437  01FFD4  6F13               	movwf	19,b	;volatile
   438                           
   439                           ;pin_manager.c: 92: WPUA = 0x00;
   440  01FFD6  0E00               	movlw	0
   441  01FFD8  6F0B               	movwf	11,b	;volatile
   442                           
   443                           ;pin_manager.c: 93: WPUC = 0x00;
   444  01FFDA  0E00               	movlw	0
   445  01FFDC  6F1B               	movwf	27,b	;volatile
   446                           
   447                           ;pin_manager.c: 98: ODCONE = 0x00;
   448  01FFDE  0E00               	movlw	0
   449  01FFE0  6F27               	movwf	39,b	;volatile
   450                           
   451                           ;pin_manager.c: 99: ODCONA = 0x00;
   452  01FFE2  0E00               	movlw	0
   453  01FFE4  6F0A               	movwf	10,b	;volatile
   454                           
   455                           ;pin_manager.c: 100: ODCONB = 0x00;
   456  01FFE6  0E00               	movlw	0
   457  01FFE8  6F12               	movwf	18,b	;volatile
   458                           
   459                           ;pin_manager.c: 101: ODCONC = 0x00;
   460  01FFEA  0E00               	movlw	0
   461  01FFEC  6F1A               	movwf	26,b	;volatile
   462                           
   463                           ;pin_manager.c: 102: ODCOND = 0x00;
   464  01FFEE  0E00               	movlw	0
   465  01FFF0  6F1F               	movwf	31,b	;volatile
   466                           
   467                           ; BSR set to: 15
   468                           ;pin_manager.c: 107: SLRCONA = 0xFF;
   469  01FFF2  6909               	setf	9,b	;volatile
   470                           
   471                           ; BSR set to: 15
   472                           ;pin_manager.c: 108: SLRCONB = 0xFF;
   473  01FFF4  6911               	setf	17,b	;volatile
   474                           
   475                           ; BSR set to: 15
   476                           ;pin_manager.c: 109: SLRCONC = 0xFF;
   477  01FFF6  6919               	setf	25,b	;volatile
   478                           
   479                           ; BSR set to: 15
   480                           ;pin_manager.c: 110: SLRCOND = 0xFF;
   481  01FFF8  691E               	setf	30,b	;volatile
   482                           
   483                           ;pin_manager.c: 111: SLRCONE = 0x07;
   484  01FFFA  0E07               	movlw	7
   485  01FFFC  6F26               	movwf	38,b	;volatile
   486                           
   487                           ; BSR set to: 15
   488  01FFFE  0012               	return		;funcret
   489  020000                     __end_of_PIN_MANAGER_Initialize:
   490                           	opt stack 0
   491                           wreg	equ	0xFE8
   492                           
   493 ;; *************** function _OSCILLATOR_Initialize *****************
   494 ;; Defined at:
   495 ;;		line 57 in file "mcc_generated_files/mcc.c"
   496 ;; Parameters:    Size  Location     Type
   497 ;;		None
   498 ;; Auto vars:     Size  Location     Type
   499 ;;		None
   500 ;; Return value:  Size  Location     Type
   501 ;;                  1    wreg      void 
   502 ;; Registers used:
   503 ;;		wreg, status,2
   504 ;; Tracked objects:
   505 ;;		On entry : 0/0
   506 ;;		On exit  : 0/0
   507 ;;		Unchanged: 0/0
   508 ;; Data sizes:     COMRAM   BANK0   BANK1   BANK2   BANK3   BANK4   BANK5   BANK6   BANK7   BANK8   BANK9  BANK10  BANK1
      +1  BANK12  BANK14
   509 ;;      Params:         0       0       0       0       0       0       0       0       0       0       0       0       
      +0       0       0
   510 ;;      Locals:         0       0       0       0       0       0       0       0       0       0       0       0       
      +0       0       0
   511 ;;      Temps:          0       0       0       0       0       0       0       0       0       0       0       0       
      +0       0       0
   512 ;;      Totals:         0       0       0       0       0       0       0       0       0       0       0       0       
      +0       0       0
   513 ;;Total ram usage:        0 bytes
   514 ;; Hardware stack levels used:    1
   515 ;; This function calls:
   516 ;;		Nothing
   517 ;; This function is called by:
   518 ;;		_SYSTEM_Initialize
   519 ;; This function uses a non-reentrant model
   520 ;;
   521                           
   522                           	psect	text4
   523  01FF28                     __ptext4:
   524                           	opt stack 0
   525  01FF28                     _OSCILLATOR_Initialize:
   526                           	opt stack 29
   527                           
   528                           ;mcc.c: 60: OSCCON1 = 0x60;
   529                           
   530                           ; BSR set to: 15
   531                           ;incstack = 0
   532  01FF28  0E60               	movlw	96
   533  01FF2A  010E               	movlb	14	; () banked
   534  01FF2C  6FD3               	movwf	211,b	;volatile
   535                           
   536                           ;mcc.c: 62: OSCCON3 = 0x00;
   537  01FF2E  0E00               	movlw	0
   538  01FF30  6FD5               	movwf	213,b	;volatile
   539                           
   540                           ;mcc.c: 64: OSCEN = 0x00;
   541  01FF32  0E00               	movlw	0
   542  01FF34  6FD7               	movwf	215,b	;volatile
   543                           
   544                           ;mcc.c: 66: OSCFRQ = 0x03;
   545  01FF36  0E03               	movlw	3
   546  01FF38  6FD9               	movwf	217,b	;volatile
   547                           
   548                           ;mcc.c: 68: OSCTUNE = 0x00;
   549  01FF3A  0E00               	movlw	0
   550  01FF3C  6FD8               	movwf	216,b	;volatile
   551                           
   552                           ; BSR set to: 14
   553  01FF3E  0012               	return		;funcret
   554  01FF40                     __end_of_OSCILLATOR_Initialize:
   555                           	opt stack 0
   556  0000                     wreg	equ	0xFE8
   557                           wreg	equ	0xFE8
   558                           
   559                           	psect	rparam
   560  0000                     wreg	equ	0xFE8


Data Sizes:
    Strings     0
    Constant    0
    Data        0
    BSS         0
    Persistent  0
    Stack       0

Auto Spaces:
    Space          Size  Autos    Used
    COMRAM           95      2       2
    BANK0           160      0       0
    BANK1           256      0       0
    BANK2           256      0       0
    BANK3           256      0       0
    BANK4           256      0       0
    BANK5           256      0       0
    BANK6           256      0       0
    BANK7           256      0       0
    BANK8           256      0       0
    BANK9           256      0       0
    BANK10          256      0       0
    BANK11          256      0       0
    BANK12          256      0       0
    BANK14           31      0       0

Pointer List with Targets:

    None.

Critical Paths under _main in COMRAM

    None.

Critical Paths under _main in BANK0

    None.

Critical Paths under _main in BANK1

    None.

Critical Paths under _main in BANK2

    None.

Critical Paths under _main in BANK3

    None.

Critical Paths under _main in BANK4

    None.

Critical Paths under _main in BANK5

    None.

Critical Paths under _main in BANK6

    None.

Critical Paths under _main in BANK7

    None.

Critical Paths under _main in BANK8

    None.

Critical Paths under _main in BANK9

    None.

Critical Paths under _main in BANK10

    None.

Critical Paths under _main in BANK11

    None.

Critical Paths under _main in BANK12

    None.

Critical Paths under _main in BANK14

    None.

Call Graph Tables:

 ---------------------------------------------------------------------------------
 (Depth) Function   	        Calls       Base Space   Used Autos Params    Refs
 ---------------------------------------------------------------------------------
 (0) _main                                                 2     2      0       0
                                              0 COMRAM     2     2      0
                  _SYSTEM_Initialize
 ---------------------------------------------------------------------------------
 (1) _SYSTEM_Initialize                                    0     0      0       0
              _OSCILLATOR_Initialize
             _PIN_MANAGER_Initialize
                     _PMD_Initialize
 ---------------------------------------------------------------------------------
 (2) _PMD_Initialize                                       0     0      0       0
 ---------------------------------------------------------------------------------
 (2) _PIN_MANAGER_Initialize                               0     0      0       0
 ---------------------------------------------------------------------------------
 (2) _OSCILLATOR_Initialize                                0     0      0       0
 ---------------------------------------------------------------------------------
 Estimated maximum stack depth 2
 ---------------------------------------------------------------------------------

 Call Graph Graphs:

 _main (ROOT)
   _SYSTEM_Initialize
     _OSCILLATOR_Initialize
     _PIN_MANAGER_Initialize
     _PMD_Initialize

 Address spaces:
Name               Size   Autos  Total    Cost      Usage
BITCOMRAM           5F      0       0       0        0.0%
EEDATA             400      0       0       0        0.0%
NULL                 0      0       0       0        0.0%
CODE                 0      0       0       0        0.0%
COMRAM              5F      2       2       1        2.1%
STACK                0      0       0       2        0.0%
DATA                 0      0       0       3        0.0%
BITBANK0            A0      0       0       4        0.0%
BANK0               A0      0       0       5        0.0%
BITBANK1           100      0       0       6        0.0%
BANK1              100      0       0       7        0.0%
BITBANK2           100      0       0       8        0.0%
BANK2              100      0       0       9        0.0%
BITBANK3           100      0       0      10        0.0%
BANK3              100      0       0      11        0.0%
BITBANK4           100      0       0      12        0.0%
BANK4              100      0       0      13        0.0%
BITBANK5           100      0       0      14        0.0%
BANK5              100      0       0      15        0.0%
BITBANK6           100      0       0      16        0.0%
BANK6              100      0       0      17        0.0%
BITBANK7           100      0       0      18        0.0%
BANK7              100      0       0      19        0.0%
BITBANK8           100      0       0      20        0.0%
BANK8              100      0       0      21        0.0%
BITBANK9           100      0       0      22        0.0%
BANK9              100      0       0      23        0.0%
BITBANK10          100      0       0      24        0.0%
BANK10             100      0       0      25        0.0%
BITBANK11          100      0       0      26        0.0%
BANK11             100      0       0      27        0.0%
ABS                  0      0       0      28        0.0%
BITBANK12          100      0       0      29        0.0%
BANK12             100      0       0      30        0.0%
BITBANK14           1F      0       0      31        0.0%
BANK14              1F      0       0      32        0.0%
BIGRAM_1            1F      0       0      33        0.0%
BIGRAM             CFF      0       0      34        0.0%
BITSFR_2             0      0       0     200        0.0%
SFR_2                0      0       0     200        0.0%
BITSFR_1             0      0       0     200        0.0%
SFR_1                0      0       0     200        0.0%
BITSFR               0      0       0     200        0.0%
SFR                  0      0       0     200        0.0%


Microchip Technology PIC18 Macro Assembler V1.45 build -152302408 
Symbol Table                                                                                   Tue May 13 17:47:55 2025

                    __CFG_CP$OFF 000000                               u17 FF6C  
                             u27 FF84                      __CFG_LVP$ON 000000  
                            l120 FF60                              _RC0 007C70  
                            _RA7 007C67                              _RC3 007C73  
                            _RC4 007C74                     __CFG_CPD$OFF 000000  
        __size_of_PMD_Initialize 001C                              wreg 000FE8  
                   __CFG_ZCD$OFF 000000                             _LATA 000F82  
                           _LATB 000F83                             _LATC 000F84  
                           _LATD 000F85                             _LATE 000F86  
                           _PMD0 000EDC                             _PMD1 000EDD  
                           _PMD2 000EDE                             _PMD3 000EDF  
                           _PMD4 000EE0                             _PMD5 000EE1  
                           _WPUA 000F0B                             _WPUB 000F13  
                           _WPUC 000F1B                             _WPUD 000F20  
                           _WPUE 000F28                    __CFG_FCMEN$ON 000000  
                           _main FF5C                             start 0000  
                  __CFG_CSWEN$ON 000000                     ___param_bank 000000  
                  __CFG_SCANE$ON 000000   __size_of_OSCILLATOR_Initialize 0018  
  __end_of_OSCILLATOR_Initialize FF40                            ?_main 0001  
                  __CFG_WDTE$OFF 000000                   __CFG_DEBUG$OFF 000000  
                          _OSCEN 000ED7                            _TRISA 000F87  
                          _TRISB 000F88                            _TRISC 000F89  
                          _TRISD 000F8A                            _TRISE 000F8B  
                  __CFG_WRT0$OFF 000000                    __CFG_WRT1$OFF 000000  
                  __CFG_WRT2$OFF 000000                    __CFG_WRT3$OFF 000000  
                 __CFG_EBTR0$OFF 000000                   __CFG_EBTR1$OFF 000000  
                 __CFG_EBTR2$OFF 000000                   __CFG_EBTR3$OFF 000000  
                  __CFG_WRTB$OFF 000000                    __CFG_WRTC$OFF 000000  
                  __CFG_WRTD$OFF 000000                   __CFG_EBTRB$OFF 000000  
             __CFG_MCLRE$EXTMCLR 000000                  __initialization FF14  
                   __end_of_main FF98                           ??_main 0001  
                  __activetblptr 000000                           _ANSELA 000F0C  
                         _ANSELB 000F14                           _ANSELC 000F1C  
                         _ANSELD 000F21                           _ANSELE 000F29  
                         _ODCONA 000F0A                           _ODCONB 000F12  
                         _ODCONC 000F1A                           _ODCOND 000F1F  
                         _ODCONE 000F27                   __CFG_WDTCCS$SC 000000  
             __CFG_RSTOSC$EXTOSC 000000                           _OSCFRQ 000ED9  
                 __CFG_PWRTE$OFF 000000                   __CFG_XINST$OFF 000000  
                 __CFG_STVREN$ON 000000                   _PMD_Initialize FF40  
              _SYSTEM_Initialize FF1A                       __accesstop 0060  
        __end_of__initialization FF14               ?_SYSTEM_Initialize 0001  
                  ___rparam_used 000001                   __pcstackCOMRAM 0001  
            ??_SYSTEM_Initialize 0001           __end_of_PMD_Initialize FF5C  
      __end_of_SYSTEM_Initialize FF28                  __CFG_PPS1WAY$ON 000000  
                ?_PMD_Initialize 0001                          _OSCCON1 000ED3  
                        _OSCCON3 000ED5                          _OSCTUNE 000ED8  
                        _SLRCONA 000F09                          _SLRCONB 000F11  
                        _SLRCONC 000F19                          _SLRCOND 000F1E  
                        _SLRCONE 000F26                          __Hparam 0000  
                        __Lparam 0000                          __pcinit FF14  
                        __ramtop 0F00                          __ptext0 FF5C  
                        __ptext1 FF1A                          __ptext2 FF40  
                        __ptext3 FF98                          __ptext4 FF28  
          _OSCILLATOR_Initialize FF28         ??_PIN_MANAGER_Initialize 0001  
     __size_of_SYSTEM_Initialize 000E             end_of_initialization FF14  
          __CFG_WDTCPS$WDTCPS_31 000000                 __CFG_FEXTOSC$OFF 000000  
         ?_OSCILLATOR_Initialize 0001              start_initialization FF14  
__size_of_PIN_MANAGER_Initialize 0068                 __CFG_LPBOREN$OFF 000000  
               ??_PMD_Initialize 0001           _PIN_MANAGER_Initialize FF98  
                       __Hrparam 0000                         __Lrparam 0000  
             __CFG_BOREN$SBORDIS 000000          ??_OSCILLATOR_Initialize 0001  
                  __size_of_main 003C             __CFG_WDTCWS$WDTCWS_7 000000  
        ?_PIN_MANAGER_Initialize 0001                __CFG_CLKOUTEN$OFF 000000  
 __end_of_PIN_MANAGER_Initialize 0000  
